[debug] [2025-02-06T04:46:15.587Z] ----------------------------------------------------------------------
[debug] [2025-02-06T04:46:15.592Z] Command:       C:\Program Files\nodejs\node.exe C:\Users\shubh\AppData\Roaming\npm\node_modules\firebase-tools\lib\bin\firebase.js hosting:sites:list
[debug] [2025-02-06T04:46:15.593Z] CLI Version:   13.30.0
[debug] [2025-02-06T04:46:15.594Z] Platform:      win32
[debug] [2025-02-06T04:46:15.594Z] Node Version:  v22.11.0
[debug] [2025-02-06T04:46:15.595Z] Time:          Thu Feb 06 2025 10:16:15 GMT+0530 (India Standard Time)
[debug] [2025-02-06T04:46:15.595Z] ----------------------------------------------------------------------
[debug] 
[debug] [2025-02-06T04:46:15.960Z] > command requires scopes: ["email","openid","https://www.googleapis.com/auth/cloudplatformprojects.readonly","https://www.googleapis.com/auth/firebase","https://www.googleapis.com/auth/cloud-platform"]
[debug] [2025-02-06T04:46:15.961Z] > authorizing via signed-in user (shubhag0411@gmail.com)
[debug] [2025-02-06T04:46:15.961Z] [iam] checking project project-9ecf7 for permissions ["firebase.projects.get","firebasehosting.sites.get"]
[debug] [2025-02-06T04:46:15.963Z] Checked if tokens are valid: true, expires at: 1738818766830
[debug] [2025-02-06T04:46:15.964Z] Checked if tokens are valid: true, expires at: 1738818766830
[debug] [2025-02-06T04:46:15.965Z] >>> [apiv2][query] POST https://cloudresourcemanager.googleapis.com/v1/projects/project-9ecf7:testIamPermissions [none]
[debug] [2025-02-06T04:46:15.966Z] >>> [apiv2][(partial)header] POST https://cloudresourcemanager.googleapis.com/v1/projects/project-9ecf7:testIamPermissions x-goog-quota-user=projects/project-9ecf7
[debug] [2025-02-06T04:46:15.966Z] >>> [apiv2][body] POST https://cloudresourcemanager.googleapis.com/v1/projects/project-9ecf7:testIamPermissions {"permissions":["firebase.projects.get","firebasehosting.sites.get"]}
[debug] [2025-02-06T04:46:22.260Z] <<< [apiv2][status] POST https://cloudresourcemanager.googleapis.com/v1/projects/project-9ecf7:testIamPermissions 200
[debug] [2025-02-06T04:46:22.260Z] <<< [apiv2][body] POST https://cloudresourcemanager.googleapis.com/v1/projects/project-9ecf7:testIamPermissions {"permissions":["firebase.projects.get","firebasehosting.sites.get"]}
[debug] [2025-02-06T04:46:22.261Z] Checked if tokens are valid: true, expires at: 1738818766830
[debug] [2025-02-06T04:46:22.262Z] Checked if tokens are valid: true, expires at: 1738818766830
[debug] [2025-02-06T04:46:22.262Z] >>> [apiv2][query] GET https://firebasehosting.googleapis.com/v1beta1/projects/project-9ecf7/sites pageToken=&pageSize=10
[debug] [2025-02-06T04:46:28.801Z] <<< [apiv2][status] GET https://firebasehosting.googleapis.com/v1beta1/projects/project-9ecf7/sites 200
[debug] [2025-02-06T04:46:28.801Z] <<< [apiv2][body] GET https://firebasehosting.googleapis.com/v1beta1/projects/project-9ecf7/sites {"sites":[{"name":"projects/project-9ecf7/sites/project-9ecf7","defaultUrl":"https://project-9ecf7.web.app","appId":"1:752149299113:web:a186d8ca4369ca3c210eb8","type":"DEFAULT_SITE"}]}
[info] 
[info] Sites for project project-9ecf7
[info] 
[info] ┌───────────────┬───────────────────────────────┬───────────────────────────────────────────┐
│ Site ID       │ Default URL                   │ App ID (if set)                           │
├───────────────┼───────────────────────────────┼───────────────────────────────────────────┤
│ project-9ecf7 │ https://project-9ecf7.web.app │ 1:752149299113:web:a186d8ca4369ca3c210eb8 │
└───────────────┴───────────────────────────────┴───────────────────────────────────────────┘
[debug] [2025-02-06T04:46:38.823Z] Error: Timed out.
    at Timeout._onTimeout (C:\Users\shubh\AppData\Roaming\npm\node_modules\firebase-tools\lib\utils.js:269:49)
    at listOnTimeout (node:internal/timers:594:17)
    at process.processTimers (node:internal/timers:529:7)
[error] 
[error] Error: An unexpected error has occurred.
[debug] [2025-02-06T04:53:10.913Z] ----------------------------------------------------------------------
[debug] [2025-02-06T04:53:10.918Z] Command:       C:\Program Files\nodejs\node.exe C:\Users\shubh\AppData\Roaming\npm\node_modules\firebase-tools\lib\bin\firebase.js init hosting
[debug] [2025-02-06T04:53:10.919Z] CLI Version:   13.30.0
[debug] [2025-02-06T04:53:10.920Z] Platform:      win32
[debug] [2025-02-06T04:53:10.920Z] Node Version:  v22.11.0
[debug] [2025-02-06T04:53:10.921Z] Time:          Thu Feb 06 2025 10:23:10 GMT+0530 (India Standard Time)
[debug] [2025-02-06T04:53:10.921Z] ----------------------------------------------------------------------
[debug] 
[debug] [2025-02-06T04:53:11.315Z] > command requires scopes: ["email","openid","https://www.googleapis.com/auth/cloudplatformprojects.readonly","https://www.googleapis.com/auth/firebase","https://www.googleapis.com/auth/cloud-platform"]
[debug] [2025-02-06T04:53:11.316Z] > authorizing via signed-in user (shubhag0411@gmail.com)
[info] 
     ######## #### ########  ######## ########     ###     ######  ########
     ##        ##  ##     ## ##       ##     ##  ##   ##  ##       ##
     ######    ##  ########  ######   ########  #########  ######  ######
     ##        ##  ##    ##  ##       ##     ## ##     ##       ## ##
     ##       #### ##     ## ######## ########  ##     ##  ######  ########

You're about to initialize a Firebase project in this directory:

  C:\Users\shubh\student-dashboard-1

Before we get started, keep in mind:

  * You are initializing within an existing Firebase project directory

[info] 
=== Project Setup
[info] 
[info] First, let's associate this project directory with a Firebase project.
[info] You can create multiple project aliases by running firebase use --add, 
[info] but for now we'll just set up a default project.
[info] 
[debug] [2025-02-06T04:53:21.382Z] Using project from CLI flag: project-9ecf7
[debug] [2025-02-06T04:53:21.384Z] Checked if tokens are valid: true, expires at: 1738818766830
[debug] [2025-02-06T04:53:21.384Z] Checked if tokens are valid: true, expires at: 1738818766830
[debug] [2025-02-06T04:53:21.386Z] >>> [apiv2][query] GET https://firebase.googleapis.com/v1beta1/projects/project-9ecf7 [none]
[debug] [2025-02-06T04:53:23.545Z] <<< [apiv2][status] GET https://firebase.googleapis.com/v1beta1/projects/project-9ecf7 200
[debug] [2025-02-06T04:53:23.546Z] <<< [apiv2][body] GET https://firebase.googleapis.com/v1beta1/projects/project-9ecf7 {"projectId":"project-9ecf7","projectNumber":"752149299113","displayName":"Project","name":"projects/project-9ecf7","resources":{"hostingSite":"project-9ecf7"},"state":"ACTIVE","etag":"1_d6e6d52e-a404-434d-ba41-1c8bc34ca091"}
[info] i  Using project project-9ecf7 (Project) 
[info] 
=== Hosting Setup
[debug] [2025-02-06T04:53:23.560Z] Checked if tokens are valid: true, expires at: 1738818766830
[debug] [2025-02-06T04:53:23.560Z] Checked if tokens are valid: true, expires at: 1738818766830
[debug] [2025-02-06T04:53:23.561Z] >>> [apiv2][query] GET https://firebase.googleapis.com/v1beta1/projects/project-9ecf7 [none]
[debug] [2025-02-06T04:53:24.236Z] <<< [apiv2][status] GET https://firebase.googleapis.com/v1beta1/projects/project-9ecf7 200
[debug] [2025-02-06T04:53:24.237Z] <<< [apiv2][body] GET https://firebase.googleapis.com/v1beta1/projects/project-9ecf7 {"projectId":"project-9ecf7","projectNumber":"752149299113","displayName":"Project","name":"projects/project-9ecf7","resources":{"hostingSite":"project-9ecf7"},"state":"ACTIVE","etag":"1_d6e6d52e-a404-434d-ba41-1c8bc34ca091"}
[info] 
[info] Your public directory is the folder (relative to your project directory) that
[info] will contain Hosting assets to be uploaded with firebase deploy. If you
[info] have a build process for your assets, use your build's output directory.
[info] 
[debug] [2025-02-06T04:53:41.658Z] >>> [apiv2][query] GET https://www.gstatic.com/firebasejs/releases.json [none]
[debug] [2025-02-06T04:53:43.550Z] <<< [apiv2][status] GET https://www.gstatic.com/firebasejs/releases.json 200
[debug] [2025-02-06T04:53:43.550Z] <<< [apiv2][body] GET https://www.gstatic.com/firebasejs/releases.json {"current":{"version":"11.2.0","browserURL":"https://www.gstatic.com/firebasejs/11.2.0/firebase.js","packageURL":"https://www.gstatic.com/firebasejs/11.2.0/firebase.tgz"},"live":{"version":"11.2","browserURL":"https://www.gstatic.com/firebasejs/live/11.2/firebase.js","packageURL":"https://www.gstatic.com/firebasejs/live/11.2/firebase.tgz"},"components":{"analytics":"https://www.gstatic.com/firebasejs/11.2.0/firebase-analytics.js","app":"https://www.gstatic.com/firebasejs/11.2.0/firebase-app.js","app-check":"https://www.gstatic.com/firebasejs/11.2.0/firebase-app-check.js","auth":"https://www.gstatic.com/firebasejs/11.2.0/firebase-auth.js","auth/cordova":"https://www.gstatic.com/firebasejs/11.2.0/firebase-auth/cordova.js","auth/web-extension":"https://www.gstatic.com/firebasejs/11.2.0/firebase-auth/web-extension.js","functions":"https://www.gstatic.com/firebasejs/11.2.0/firebase-functions.js","firestore":"https://www.gstatic.com/firebasejs/11.2.0/firebase-firestore.js","firestore/lite":"https://www.gstatic.com/firebasejs/11.2.0/firebase-firestore/lite.js","installations":"https://www.gstatic.com/firebasejs/11.2.0/firebase-installations.js","storage":"https://www.gstatic.com/firebasejs/11.2.0/firebase-storage.js","performance":"https://www.gstatic.com/firebasejs/11.2.0/firebase-performance.js","remote-config":"https://www.gstatic.com/firebasejs/11.2.0/firebase-remote-config.js","messaging":"https://www.gstatic.com/firebasejs/11.2.0/firebase-messaging.js","messaging/sw":"https://www.gstatic.com/firebasejs/11.2.0/firebase-messaging/sw.js","database":"https://www.gstatic.com/firebasejs/11.2.0/firebase-database.js","vertexai":"https://www.gstatic.com/firebasejs/11.2.0/firebase-vertexai.js","data-connect":"https://www.gstatic.com/firebasejs/11.2.0/firebase-data-connect.js","firestore.memory":"https://www.gstatic.com/firebasejs/11.2.0/firebase-firestore.memory.js"}}
[info] i  y/index.html is unchanged 
[info] 
[info] i  Detected a .git folder at C:\Users\shubh\student-dashboard-1 
[info] i  Authorizing with GitHub to upload your service account to a GitHub repository's secrets store. 
[info] 
[info] Visit this URL on this device to log in:
[info] https://github.com/login/oauth/authorize?client_id=89cf50f02ac6aaed3484&state=126946582&redirect_uri=http%3A%2F%2Flocalhost%3A9005&scope=read%3Auser%20repo%20public_repo
[info] 
[info] Waiting for authentication...
